\BOOKMARK [0][-]{chapter.1}{\376\377\0001\000\040\000E\000x\000e\000m\000p\000l\000e\000\040\000d\000'\000\372\000s\000\040\000d\000e\000l\000\040\000D\000o\000x\000y\000g\000e\000n\000\040\000p\000e\000r\000\040\000d\000o\000c\000u\000m\000e\000n\000t\000a\000r\000\040\000e\000s\000p\000e\000c\000i\000f\000i\000c\000a\000c\000i\000o\000n\000s\000:\000\040\000c\000l\000a\000s\000s\000e\000s\000\040\000E\000s\000t\000u\000d\000i\000a\000n\000t\000\040\000i\000\040\000C\000j\000t\000\137\000e\000s\000t\000u\000d\000i\000a\000n\000t\000s\000.}{}% 1
\BOOKMARK [0][-]{chapter.2}{\376\377\0002\000\040\000\315\000n\000d\000e\000x\000\040\000d\000e\000\040\000C\000l\000a\000s\000s\000e\000s}{}% 2
\BOOKMARK [1][-]{section.2.1}{\376\377\0002\000.\0001\000\040\000L\000l\000i\000s\000t\000a\000\040\000d\000e\000\040\000C\000l\000a\000s\000s\000e\000s}{chapter.2}% 3
\BOOKMARK [0][-]{chapter.3}{\376\377\0003\000\040\000\315\000n\000d\000e\000x\000\040\000d\000e\000\040\000F\000i\000t\000x\000e\000r\000s}{}% 4
\BOOKMARK [1][-]{section.3.1}{\376\377\0003\000.\0001\000\040\000L\000l\000i\000s\000t\000a\000\040\000d\000e\000l\000s\000\040\000F\000i\000t\000x\000e\000r\000s}{chapter.3}% 5
\BOOKMARK [0][-]{chapter.4}{\376\377\0004\000\040\000D\000o\000c\000u\000m\000e\000n\000t\000a\000c\000i\000\363\000\040\000d\000e\000\040\000l\000e\000s\000\040\000C\000l\000a\000s\000s\000e\000s}{}% 6
\BOOKMARK [1][-]{section.4.1}{\376\377\0004\000.\0001\000\040\000R\000e\000f\000e\000r\000\350\000n\000c\000i\000a\000\040\000d\000e\000\040\000l\000a\000\040\000C\000l\000a\000s\000s\000e\000\040\000C\000j\000t\000\137\000e\000s\000t\000u\000d\000i\000a\000n\000t\000s}{chapter.4}% 7
\BOOKMARK [2][-]{subsection.4.1.1}{\376\377\0004\000.\0001\000.\0001\000\040\000D\000e\000s\000c\000r\000i\000p\000c\000i\000\363\000\040\000D\000e\000t\000a\000l\000l\000a\000d\000a}{section.4.1}% 8
\BOOKMARK [2][-]{subsection.4.1.2}{\376\377\0004\000.\0001\000.\0002\000\040\000D\000o\000c\000u\000m\000e\000n\000t\000a\000c\000i\000\363\000\040\000d\000e\000l\000\040\000C\000o\000n\000s\000t\000r\000u\000c\000t\000o\000r\000\040\000i\000\040\000e\000l\000\040\000D\000e\000s\000t\000r\000u\000c\000t\000o\000r}{section.4.1}% 9
\BOOKMARK [3][-]{subsubsection.4.1.2.1}{\376\377\0004\000.\0001\000.\0002\000.\0001\000\040\000C\000j\000t\000\137\000e\000s\000t\000u\000d\000i\000a\000n\000t\000s}{subsection.4.1.2}% 10
\BOOKMARK [2][-]{subsection.4.1.3}{\376\377\0004\000.\0001\000.\0003\000\040\000D\000o\000c\000u\000m\000e\000n\000t\000a\000c\000i\000\363\000\040\000d\000e\000\040\000l\000e\000s\000\040\000F\000u\000n\000c\000i\000o\000n\000s\000\040\000M\000e\000m\000b\000r\000e}{section.4.1}% 11
\BOOKMARK [3][-]{subsubsection.4.1.3.1}{\376\377\0004\000.\0001\000.\0003\000.\0001\000\040\000a\000f\000e\000g\000i\000r\000\137\000e\000s\000t\000u\000d\000i\000a\000n\000t}{subsection.4.1.3}% 12
\BOOKMARK [3][-]{subsubsection.4.1.3.2}{\376\377\0004\000.\0001\000.\0003\000.\0002\000\040\000m\000o\000d\000i\000f\000i\000c\000a\000r\000\137\000e\000s\000t\000u\000d\000i\000a\000n\000t}{subsection.4.1.3}% 13
\BOOKMARK [3][-]{subsubsection.4.1.3.3}{\376\377\0004\000.\0001\000.\0003\000.\0003\000\040\000m\000o\000d\000i\000f\000i\000c\000a\000r\000\137\000i\000e\000s\000s\000i\000m}{subsection.4.1.3}% 14
\BOOKMARK [3][-]{subsubsection.4.1.3.4}{\376\377\0004\000.\0001\000.\0003\000.\0004\000\040\000m\000i\000d\000a}{subsection.4.1.3}% 15
\BOOKMARK [3][-]{subsubsection.4.1.3.5}{\376\377\0004\000.\0001\000.\0003\000.\0005\000\040\000m\000i\000d\000a\000\137\000m\000a\000x\000i\000m\000a}{subsection.4.1.3}% 16
\BOOKMARK [3][-]{subsubsection.4.1.3.6}{\376\377\0004\000.\0001\000.\0003\000.\0006\000\040\000e\000x\000i\000s\000t\000e\000i\000x\000\137\000e\000s\000t\000u\000d\000i\000a\000n\000t}{subsection.4.1.3}% 17
\BOOKMARK [3][-]{subsubsection.4.1.3.7}{\376\377\0004\000.\0001\000.\0003\000.\0007\000\040\000c\000o\000n\000s\000u\000l\000t\000a\000r\000\137\000e\000s\000t\000u\000d\000i\000a\000n\000t}{subsection.4.1.3}% 18
\BOOKMARK [3][-]{subsubsection.4.1.3.8}{\376\377\0004\000.\0001\000.\0003\000.\0008\000\040\000c\000o\000n\000s\000u\000l\000t\000a\000r\000\137\000i\000e\000s\000s\000i\000m}{subsection.4.1.3}% 19
\BOOKMARK [3][-]{subsubsection.4.1.3.9}{\376\377\0004\000.\0001\000.\0003\000.\0009\000\040\000l\000l\000e\000g\000i\000r}{subsection.4.1.3}% 20
\BOOKMARK [3][-]{subsubsection.4.1.3.10}{\376\377\0004\000.\0001\000.\0003\000.\0001\0000\000\040\000e\000s\000c\000r\000i\000u\000r\000e}{subsection.4.1.3}% 21
\BOOKMARK [1][-]{section.4.2}{\376\377\0004\000.\0002\000\040\000R\000e\000f\000e\000r\000\350\000n\000c\000i\000a\000\040\000d\000e\000\040\000l\000a\000\040\000C\000l\000a\000s\000s\000e\000\040\000E\000s\000t\000u\000d\000i\000a\000n\000t}{chapter.4}% 22
\BOOKMARK [2][-]{subsection.4.2.1}{\376\377\0004\000.\0002\000.\0001\000\040\000D\000e\000s\000c\000r\000i\000p\000c\000i\000\363\000\040\000D\000e\000t\000a\000l\000l\000a\000d\000a}{section.4.2}% 23
\BOOKMARK [2][-]{subsection.4.2.2}{\376\377\0004\000.\0002\000.\0002\000\040\000D\000o\000c\000u\000m\000e\000n\000t\000a\000c\000i\000\363\000\040\000d\000e\000l\000\040\000C\000o\000n\000s\000t\000r\000u\000c\000t\000o\000r\000\040\000i\000\040\000e\000l\000\040\000D\000e\000s\000t\000r\000u\000c\000t\000o\000r}{section.4.2}% 24
\BOOKMARK [3][-]{subsubsection.4.2.2.1}{\376\377\0004\000.\0002\000.\0002\000.\0001\000\040\000E\000s\000t\000u\000d\000i\000a\000n\000t}{subsection.4.2.2}% 25
\BOOKMARK [3][-]{subsubsection.4.2.2.2}{\376\377\0004\000.\0002\000.\0002\000.\0002\000\040\000E\000s\000t\000u\000d\000i\000a\000n\000t}{subsection.4.2.2}% 26
\BOOKMARK [2][-]{subsection.4.2.3}{\376\377\0004\000.\0002\000.\0003\000\040\000D\000o\000c\000u\000m\000e\000n\000t\000a\000c\000i\000\363\000\040\000d\000e\000\040\000l\000e\000s\000\040\000F\000u\000n\000c\000i\000o\000n\000s\000\040\000M\000e\000m\000b\000r\000e}{section.4.2}% 27
\BOOKMARK [3][-]{subsubsection.4.2.3.1}{\376\377\0004\000.\0002\000.\0003\000.\0001\000\040\000a\000f\000e\000g\000i\000r\000\137\000n\000o\000t\000a}{subsection.4.2.3}% 28
\BOOKMARK [3][-]{subsubsection.4.2.3.2}{\376\377\0004\000.\0002\000.\0003\000.\0002\000\040\000m\000o\000d\000i\000f\000i\000c\000a\000r\000\137\000n\000o\000t\000a}{subsection.4.2.3}% 29
\BOOKMARK [3][-]{subsubsection.4.2.3.3}{\376\377\0004\000.\0002\000.\0003\000.\0003\000\040\000c\000o\000n\000s\000u\000l\000t\000a\000r\000\137\000D\000N\000I}{subsection.4.2.3}% 30
\BOOKMARK [3][-]{subsubsection.4.2.3.4}{\376\377\0004\000.\0002\000.\0003\000.\0004\000\040\000c\000o\000n\000s\000u\000l\000t\000a\000r\000\137\000n\000o\000t\000a}{subsection.4.2.3}% 31
\BOOKMARK [3][-]{subsubsection.4.2.3.5}{\376\377\0004\000.\0002\000.\0003\000.\0005\000\040\000n\000o\000t\000a\000\137\000m\000a\000x\000i\000m\000a}{subsection.4.2.3}% 32
\BOOKMARK [3][-]{subsubsection.4.2.3.6}{\376\377\0004\000.\0002\000.\0003\000.\0006\000\040\000t\000e\000\137\000n\000o\000t\000a}{subsection.4.2.3}% 33
\BOOKMARK [3][-]{subsubsection.4.2.3.7}{\376\377\0004\000.\0002\000.\0003\000.\0007\000\040\000l\000l\000e\000g\000i\000r}{subsection.4.2.3}% 34
\BOOKMARK [3][-]{subsubsection.4.2.3.8}{\376\377\0004\000.\0002\000.\0003\000.\0008\000\040\000e\000s\000c\000r\000i\000u\000r\000e}{subsection.4.2.3}% 35
\BOOKMARK [0][-]{chapter.5}{\376\377\0005\000\040\000D\000o\000c\000u\000m\000e\000n\000t\000a\000c\000i\000\363\000\040\000d\000e\000l\000s\000\040\000F\000i\000t\000x\000e\000r\000s}{}% 36
\BOOKMARK [1][-]{section.5.1}{\376\377\0005\000.\0001\000\040\000R\000e\000f\000e\000r\000\350\000n\000c\000i\000a\000\040\000d\000e\000l\000\040\000F\000i\000t\000x\000e\000r\000\040\000C\000j\000t\000\137\000e\000s\000t\000u\000d\000i\000a\000n\000t\000s\000.\000h\000h}{chapter.5}% 37
\BOOKMARK [2][-]{subsection.5.1.1}{\376\377\0005\000.\0001\000.\0001\000\040\000D\000e\000s\000c\000r\000i\000p\000c\000i\000\363\000\040\000D\000e\000t\000a\000l\000l\000a\000d\000a}{section.5.1}% 38
\BOOKMARK [1][-]{section.5.2}{\376\377\0005\000.\0002\000\040\000R\000e\000f\000e\000r\000\350\000n\000c\000i\000a\000\040\000d\000e\000l\000\040\000F\000i\000t\000x\000e\000r\000\040\000E\000s\000t\000u\000d\000i\000a\000n\000t\000.\000h\000h}{chapter.5}% 39
\BOOKMARK [2][-]{subsection.5.2.1}{\376\377\0005\000.\0002\000.\0001\000\040\000D\000e\000s\000c\000r\000i\000p\000c\000i\000\363\000\040\000D\000e\000t\000a\000l\000l\000a\000d\000a}{section.5.2}% 40
\BOOKMARK [1][-]{section.5.3}{\376\377\0005\000.\0003\000\040\000R\000e\000f\000e\000r\000\350\000n\000c\000i\000a\000\040\000d\000e\000l\000\040\000F\000i\000t\000x\000e\000r\000\040\000p\000r\000o\0002\000\137\000d\000o\000x\000y\000g\000e\000n\000.\000c\000c}{chapter.5}% 41
\BOOKMARK [2][-]{subsection.5.3.1}{\376\377\0005\000.\0003\000.\0001\000\040\000D\000o\000c\000u\000m\000e\000n\000t\000a\000c\000i\000\363\000\040\000d\000e\000\040\000l\000e\000s\000\040\000F\000u\000n\000c\000i\000o\000n\000s}{section.5.3}% 42
\BOOKMARK [3][-]{subsubsection.5.3.1.1}{\376\377\0005\000.\0003\000.\0001\000.\0001\000\040\000m\000a\000i\000n}{subsection.5.3.1}% 43
\BOOKMARK [0][-]{section*.9}{\376\377\000\315\000n\000d\000e\000x}{}% 44
