\BOOKMARK [0][-]{chapter.1}{\376\377\000E\000j\000e\000m\000p\000l\000o\000\040\000d\000e\000\040\000d\000i\000s\000e\000\361\000o\000\040\000m\000o\000d\000u\000l\000a\000r\000:\000\040\000F\000a\000c\000t\000o\000r\000\040\000P\000s\000i\000.}{}% 1
\BOOKMARK [0][-]{chapter.2}{\376\377\000\315\000n\000d\000i\000c\000e\000\040\000d\000e\000\040\000c\000l\000a\000s\000e\000s}{}% 2
\BOOKMARK [1][-]{section.2.1}{\376\377\000L\000i\000s\000t\000a\000\040\000d\000e\000\040\000c\000l\000a\000s\000e\000s}{chapter.2}% 3
\BOOKMARK [0][-]{chapter.3}{\376\377\000I\000n\000d\000i\000c\000e\000\040\000d\000e\000\040\000a\000r\000c\000h\000i\000v\000o\000s}{}% 4
\BOOKMARK [1][-]{section.3.1}{\376\377\000L\000i\000s\000t\000a\000\040\000d\000e\000\040\000a\000r\000c\000h\000i\000v\000o\000s}{chapter.3}% 5
\BOOKMARK [0][-]{chapter.4}{\376\377\000D\000o\000c\000u\000m\000e\000n\000t\000a\000c\000i\000\363\000n\000\040\000d\000e\000\040\000l\000a\000s\000\040\000c\000l\000a\000s\000e\000s}{}% 6
\BOOKMARK [1][-]{section.4.1}{\376\377\000R\000e\000f\000e\000r\000e\000n\000c\000i\000a\000\040\000d\000e\000\040\000l\000a\000\040\000C\000l\000a\000s\000e\000\040\000L\000i\000s\000t\000a\000P\000a\000l\000a\000b\000r\000a\000s}{chapter.4}% 7
\BOOKMARK [2][-]{subsection.4.1.1}{\376\377\000D\000e\000s\000c\000r\000i\000p\000c\000i\000\363\000n\000\040\000d\000e\000t\000a\000l\000l\000a\000d\000a}{section.4.1}% 8
\BOOKMARK [2][-]{subsection.4.1.2}{\376\377\000D\000o\000c\000u\000m\000e\000n\000t\000a\000c\000i\000\363\000n\000\040\000d\000e\000l\000\040\000c\000o\000n\000s\000t\000r\000u\000c\000t\000o\000r\000\040\000y\000\040\000d\000e\000s\000t\000r\000u\000c\000t\000o\000r}{section.4.1}% 9
\BOOKMARK [3][-]{subsubsection.4.1.2.1}{\376\377\000L\000i\000s\000t\000a\000P\000a\000l\000a\000b\000r\000a\000s}{subsection.4.1.2}% 10
\BOOKMARK [2][-]{subsection.4.1.3}{\376\377\000D\000o\000c\000u\000m\000e\000n\000t\000a\000c\000i\000\363\000n\000\040\000d\000e\000\040\000l\000a\000s\000\040\000f\000u\000n\000c\000i\000o\000n\000e\000s\000\040\000m\000i\000e\000m\000b\000r\000o}{section.4.1}% 11
\BOOKMARK [3][-]{subsubsection.4.1.3.1}{\376\377\000a\000n\000a\000d\000i\000r\000\137\000p\000a\000l\000a\000b\000r\000a}{subsection.4.1.3}% 12
\BOOKMARK [3][-]{subsubsection.4.1.3.2}{\376\377\000l\000o\000n\000g\000i\000t\000u\000d\000\137\000m\000a\000x\000i\000m\000a}{subsection.4.1.3}% 13
\BOOKMARK [3][-]{subsubsection.4.1.3.3}{\376\377\000l\000o\000n\000g\000i\000t\000u\000d}{subsection.4.1.3}% 14
\BOOKMARK [3][-]{subsubsection.4.1.3.4}{\376\377\000m\000a\000x\000\137\000f\000r\000e\000c}{subsection.4.1.3}% 15
\BOOKMARK [3][-]{subsubsection.4.1.3.5}{\376\377\000e\000s\000c\000r\000i\000b\000i\000r}{subsection.4.1.3}% 16
\BOOKMARK [1][-]{section.4.2}{\376\377\000R\000e\000f\000e\000r\000e\000n\000c\000i\000a\000\040\000d\000e\000\040\000l\000a\000\040\000C\000l\000a\000s\000e\000\040\000P\000a\000l\000a\000b\000r\000a}{chapter.4}% 17
\BOOKMARK [2][-]{subsection.4.2.1}{\376\377\000D\000e\000s\000c\000r\000i\000p\000c\000i\000\363\000n\000\040\000d\000e\000t\000a\000l\000l\000a\000d\000a}{section.4.2}% 18
\BOOKMARK [2][-]{subsection.4.2.2}{\376\377\000D\000o\000c\000u\000m\000e\000n\000t\000a\000c\000i\000\363\000n\000\040\000d\000e\000l\000\040\000c\000o\000n\000s\000t\000r\000u\000c\000t\000o\000r\000\040\000y\000\040\000d\000e\000s\000t\000r\000u\000c\000t\000o\000r}{section.4.2}% 19
\BOOKMARK [3][-]{subsubsection.4.2.2.1}{\376\377\000P\000a\000l\000a\000b\000r\000a}{subsection.4.2.2}% 20
\BOOKMARK [2][-]{subsection.4.2.3}{\376\377\000D\000o\000c\000u\000m\000e\000n\000t\000a\000c\000i\000\363\000n\000\040\000d\000e\000\040\000l\000a\000s\000\040\000f\000u\000n\000c\000i\000o\000n\000e\000s\000\040\000m\000i\000e\000m\000b\000r\000o}{section.4.2}% 21
\BOOKMARK [3][-]{subsubsection.4.2.3.1}{\376\377\000a\000n\000a\000d\000i\000r\000\137\000l\000e\000t\000r\000a}{subsection.4.2.3}% 22
\BOOKMARK [3][-]{subsubsection.4.2.3.2}{\376\377\000l\000o\000n\000g\000i\000t\000u\000d\000\137\000m\000a\000x\000i\000m\000a}{subsection.4.2.3}% 23
\BOOKMARK [3][-]{subsubsection.4.2.3.3}{\376\377\000l\000o\000n\000g\000\137\000p\000a\000l}{subsection.4.2.3}% 24
\BOOKMARK [3][-]{subsubsection.4.2.3.4}{\376\377\000e\000s\000\137\000s\000e\000p\000a\000r\000a\000d\000o\000r}{subsection.4.2.3}% 25
\BOOKMARK [3][-]{subsubsection.4.2.3.5}{\376\377\000c\000o\000n\000s\000u\000l\000t\000a\000r\000\137\000l\000e\000t\000r\000a}{subsection.4.2.3}% 26
\BOOKMARK [3][-]{subsubsection.4.2.3.6}{\376\377\000i\000g\000u\000a\000l\000e\000s}{subsection.4.2.3}% 27
\BOOKMARK [3][-]{subsubsection.4.2.3.7}{\376\377\000l\000e\000e\000r}{subsection.4.2.3}% 28
\BOOKMARK [3][-]{subsubsection.4.2.3.8}{\376\377\000e\000s\000c\000r\000i\000b\000i\000r}{subsection.4.2.3}% 29
\BOOKMARK [0][-]{chapter.5}{\376\377\000D\000o\000c\000u\000m\000e\000n\000t\000a\000c\000i\000\363\000n\000\040\000d\000e\000\040\000a\000r\000c\000h\000i\000v\000o\000s}{}% 30
\BOOKMARK [1][-]{section.5.1}{\376\377\000R\000e\000f\000e\000r\000e\000n\000c\000i\000a\000\040\000d\000e\000l\000\040\000A\000r\000c\000h\000i\000v\000o\000\040\000L\000i\000s\000t\000a\000P\000a\000l\000a\000b\000r\000a\000s\000.\000h\000h}{chapter.5}% 31
\BOOKMARK [2][-]{subsection.5.1.1}{\376\377\000D\000e\000s\000c\000r\000i\000p\000c\000i\000\363\000n\000\040\000d\000e\000t\000a\000l\000l\000a\000d\000a}{section.5.1}% 32
\BOOKMARK [1][-]{section.5.2}{\376\377\000R\000e\000f\000e\000r\000e\000n\000c\000i\000a\000\040\000d\000e\000l\000\040\000A\000r\000c\000h\000i\000v\000o\000\040\000P\000a\000l\000a\000b\000r\000a\000.\000h\000h}{chapter.5}% 33
\BOOKMARK [2][-]{subsection.5.2.1}{\376\377\000D\000e\000s\000c\000r\000i\000p\000c\000i\000\363\000n\000\040\000d\000e\000t\000a\000l\000l\000a\000d\000a}{section.5.2}% 34
\BOOKMARK [1][-]{section.5.3}{\376\377\000R\000e\000f\000e\000r\000e\000n\000c\000i\000a\000\040\000d\000e\000l\000\040\000A\000r\000c\000h\000i\000v\000o\000\040\000p\000r\000o\0002\000\137\000s\0005\0002\000.\000c\000c}{chapter.5}% 35
\BOOKMARK [2][-]{subsection.5.3.1}{\376\377\000D\000e\000s\000c\000r\000i\000p\000c\000i\000\363\000n\000\040\000d\000e\000t\000a\000l\000l\000a\000d\000a}{section.5.3}% 36
\BOOKMARK [2][-]{subsection.5.3.2}{\376\377\000D\000o\000c\000u\000m\000e\000n\000t\000a\000c\000i\000\363\000n\000\040\000d\000e\000\040\000l\000a\000s\000\040\000f\000u\000n\000c\000i\000o\000n\000e\000s}{section.5.3}% 37
\BOOKMARK [3][-]{subsubsection.5.3.2.1}{\376\377\000m\000a\000i\000n}{subsection.5.3.2}% 38
\BOOKMARK [-1][-]{subsubsection.5.3.2.1}{\376\377\000\315\000n\000d\000i\000c\000e}{}% 39
