\BOOKMARK [0][-]{chapter.1}{\376\377\000P\000\341\000g\000i\000n\000a\000\040\000p\000r\000i\000n\000c\000i\000p\000a\000l}{}% 1
\BOOKMARK [0][-]{chapter.2}{\376\377\000\315\000n\000d\000i\000c\000e\000\040\000d\000e\000\040\000c\000l\000a\000s\000e\000s}{}% 2
\BOOKMARK [1][-]{section.2.1}{\376\377\000L\000i\000s\000t\000a\000\040\000d\000e\000\040\000c\000l\000a\000s\000e\000s}{chapter.2}% 3
\BOOKMARK [0][-]{chapter.3}{\376\377\000I\000n\000d\000i\000c\000e\000\040\000d\000e\000\040\000a\000r\000c\000h\000i\000v\000o\000s}{}% 4
\BOOKMARK [1][-]{section.3.1}{\376\377\000L\000i\000s\000t\000a\000\040\000d\000e\000\040\000a\000r\000c\000h\000i\000v\000o\000s}{chapter.3}% 5
\BOOKMARK [0][-]{chapter.4}{\376\377\000D\000o\000c\000u\000m\000e\000n\000t\000a\000c\000i\000\363\000n\000\040\000d\000e\000\040\000l\000a\000s\000\040\000c\000l\000a\000s\000e\000s}{}% 6
\BOOKMARK [1][-]{section.4.1}{\376\377\000R\000e\000f\000e\000r\000e\000n\000c\000i\000a\000\040\000d\000e\000\040\000l\000a\000\040\000C\000l\000a\000s\000e\000\040\000C\000e\000l\000u\000l\000a}{chapter.4}% 7
\BOOKMARK [2][-]{subsection.4.1.1}{\376\377\000D\000e\000s\000c\000r\000i\000p\000c\000i\000\363\000n\000\040\000d\000e\000t\000a\000l\000l\000a\000d\000a}{section.4.1}% 8
\BOOKMARK [2][-]{subsection.4.1.2}{\376\377\000D\000o\000c\000u\000m\000e\000n\000t\000a\000c\000i\000\363\000n\000\040\000d\000e\000l\000\040\000c\000o\000n\000s\000t\000r\000u\000c\000t\000o\000r\000\040\000y\000\040\000d\000e\000s\000t\000r\000u\000c\000t\000o\000r}{section.4.1}% 9
\BOOKMARK [3][-]{subsubsection.4.1.2.1}{\376\377\000C\000e\000l\000u\000l\000a}{subsection.4.1.2}% 10
\BOOKMARK [3][-]{subsubsection.4.1.2.2}{\376\377\000C\000e\000l\000u\000l\000a}{subsection.4.1.2}% 11
\BOOKMARK [2][-]{subsection.4.1.3}{\376\377\000D\000o\000c\000u\000m\000e\000n\000t\000a\000c\000i\000\363\000n\000\040\000d\000e\000\040\000l\000a\000s\000\040\000f\000u\000n\000c\000i\000o\000n\000e\000s\000\040\000m\000i\000e\000m\000b\000r\000o}{section.4.1}% 12
\BOOKMARK [3][-]{subsubsection.4.1.3.1}{\376\377\000l\000u\000c\000h\000a\000\137\000c\000e\000l\000u\000l\000a\000s}{subsection.4.1.3}% 13
\BOOKMARK [3][-]{subsubsection.4.1.3.2}{\376\377\000e\000s\000\137\000v\000a\000c\000i\000a}{subsection.4.1.3}% 14
\BOOKMARK [3][-]{subsubsection.4.1.3.3}{\376\377\000l\000e\000e\000r}{subsection.4.1.3}% 15
\BOOKMARK [3][-]{subsubsection.4.1.3.4}{\376\377\000e\000s\000c\000r\000i\000b\000i\000r}{subsection.4.1.3}% 16
\BOOKMARK [2][-]{subsection.4.1.4}{\376\377\000D\000o\000c\000u\000m\000e\000n\000t\000a\000c\000i\000\363\000n\000\040\000d\000e\000\040\000l\000o\000s\000\040\000d\000a\000t\000o\000s\000\040\000m\000i\000e\000m\000b\000r\000o}{section.4.1}% 17
\BOOKMARK [3][-]{subsubsection.4.1.4.1}{\376\377\000I\000D\000\137\000V\000A\000C\000I\000A}{subsection.4.1.4}% 18
\BOOKMARK [3][-]{subsubsection.4.1.4.2}{\376\377\000i\000d}{subsection.4.1.4}% 19
\BOOKMARK [3][-]{subsubsection.4.1.4.3}{\376\377\000i\000\137\000t\000o\000l}{subsection.4.1.4}% 20
\BOOKMARK [3][-]{subsubsection.4.1.4.4}{\376\377\000p\000a\000r\000a\000m}{subsection.4.1.4}% 21
\BOOKMARK [1][-]{section.4.2}{\376\377\000R\000e\000f\000e\000r\000e\000n\000c\000i\000a\000\040\000d\000e\000\040\000l\000a\000\040\000C\000l\000a\000s\000e\000\040\000O\000r\000g\000a\000n\000i\000s\000m\000o}{chapter.4}% 22
\BOOKMARK [2][-]{subsection.4.2.1}{\376\377\000D\000e\000s\000c\000r\000i\000p\000c\000i\000\363\000n\000\040\000d\000e\000t\000a\000l\000l\000a\000d\000a}{section.4.2}% 23
\BOOKMARK [2][-]{subsection.4.2.2}{\376\377\000D\000o\000c\000u\000m\000e\000n\000t\000a\000c\000i\000\363\000n\000\040\000d\000e\000l\000\040\000c\000o\000n\000s\000t\000r\000u\000c\000t\000o\000r\000\040\000y\000\040\000d\000e\000s\000t\000r\000u\000c\000t\000o\000r}{section.4.2}% 24
\BOOKMARK [3][-]{subsubsection.4.2.2.1}{\376\377\000O\000r\000g\000a\000n\000i\000s\000m\000o}{subsection.4.2.2}% 25
\BOOKMARK [3][-]{subsubsection.4.2.2.2}{\376\377\000O\000r\000g\000a\000n\000i\000s\000m\000o}{subsection.4.2.2}% 26
\BOOKMARK [2][-]{subsection.4.2.3}{\376\377\000D\000o\000c\000u\000m\000e\000n\000t\000a\000c\000i\000\363\000n\000\040\000d\000e\000\040\000l\000a\000s\000\040\000f\000u\000n\000c\000i\000o\000n\000e\000s\000\040\000m\000i\000e\000m\000b\000r\000o}{section.4.2}% 27
\BOOKMARK [3][-]{subsubsection.4.2.3.1}{\376\377\000a\000n\000a\000d\000i\000r\000\137\000i\000d}{subsection.4.2.3}% 28
\BOOKMARK [3][-]{subsubsection.4.2.3.2}{\376\377\000i\000n\000c\000r\000e\000m\000e\000n\000t\000a\000r\000\137\000v\000i\000c\000t\000i\000m\000a\000s}{subsection.4.2.3}% 29
\BOOKMARK [3][-]{subsubsection.4.2.3.3}{\376\377\000l\000u\000c\000h\000a\000\137\000o\000r\000g\000a\000n\000i\000s\000m\000o\000s}{subsection.4.2.3}% 30
\BOOKMARK [3][-]{subsubsection.4.2.3.4}{\376\377\000e\000s\000\137\000m\000a\000l\000i\000g\000n\000o}{subsection.4.2.3}% 31
\BOOKMARK [3][-]{subsubsection.4.2.3.5}{\376\377\000n\000u\000m\000\137\000v\000i\000c\000t\000i\000m\000a\000s}{subsection.4.2.3}% 32
\BOOKMARK [3][-]{subsubsection.4.2.3.6}{\376\377\000l\000e\000e\000r}{subsection.4.2.3}% 33
\BOOKMARK [3][-]{subsubsection.4.2.3.7}{\376\377\000e\000s\000c\000r\000i\000b\000i\000r}{subsection.4.2.3}% 34
\BOOKMARK [3][-]{subsubsection.4.2.3.8}{\376\377\000s\000i\000m\000e\000t\000r\000i\000c\000o\000s}{subsection.4.2.3}% 35
\BOOKMARK [3][-]{subsubsection.4.2.3.9}{\376\377\000l\000u\000c\000h\000a\000\137\000a\000r\000b\000o\000l\000e\000s}{subsection.4.2.3}% 36
\BOOKMARK [3][-]{subsubsection.4.2.3.10}{\376\377\000l\000e\000e\000r\000\137\000a\000r\000b\000o\000l\000\137\000c\000e\000l\000u\000l\000a\000s}{subsection.4.2.3}% 37
\BOOKMARK [3][-]{subsubsection.4.2.3.11}{\376\377\000e\000s\000c\000r\000i\000b\000i\000r\000\137\000a\000r\000b\000o\000l\000\137\000c\000e\000l\000u\000l\000a\000s\000\137\000i\000d}{subsection.4.2.3}% 38
\BOOKMARK [2][-]{subsection.4.2.4}{\376\377\000D\000o\000c\000u\000m\000e\000n\000t\000a\000c\000i\000\363\000n\000\040\000d\000e\000\040\000l\000o\000s\000\040\000d\000a\000t\000o\000s\000\040\000m\000i\000e\000m\000b\000r\000o}{section.4.2}% 39
\BOOKMARK [3][-]{subsubsection.4.2.4.1}{\376\377\000c\000e\000l\000u\000l\000a\000s}{subsection.4.2.4}% 40
\BOOKMARK [3][-]{subsubsection.4.2.4.2}{\376\377\000i\000d}{subsection.4.2.4}% 41
\BOOKMARK [3][-]{subsubsection.4.2.4.3}{\376\377\000m\000a\000l\000i\000g\000n\000o}{subsection.4.2.4}% 42
\BOOKMARK [3][-]{subsubsection.4.2.4.4}{\376\377\000v\000i\000c\000t\000i\000m\000a\000s}{subsection.4.2.4}% 43
\BOOKMARK [1][-]{section.4.3}{\376\377\000R\000e\000f\000e\000r\000e\000n\000c\000i\000a\000\040\000d\000e\000\040\000l\000a\000\040\000C\000l\000a\000s\000e\000\040\000S\000i\000s\000t\000e\000m\000a}{chapter.4}% 44
\BOOKMARK [2][-]{subsection.4.3.1}{\376\377\000D\000e\000s\000c\000r\000i\000p\000c\000i\000\363\000n\000\040\000d\000e\000t\000a\000l\000l\000a\000d\000a}{section.4.3}% 45
\BOOKMARK [2][-]{subsection.4.3.2}{\376\377\000D\000o\000c\000u\000m\000e\000n\000t\000a\000c\000i\000\363\000n\000\040\000d\000e\000l\000\040\000c\000o\000n\000s\000t\000r\000u\000c\000t\000o\000r\000\040\000y\000\040\000d\000e\000s\000t\000r\000u\000c\000t\000o\000r}{section.4.3}% 46
\BOOKMARK [3][-]{subsubsection.4.3.2.1}{\376\377\000S\000i\000s\000t\000e\000m\000a}{subsection.4.3.2}% 47
\BOOKMARK [3][-]{subsubsection.4.3.2.2}{\376\377\000S\000i\000s\000t\000e\000m\000a}{subsection.4.3.2}% 48
\BOOKMARK [2][-]{subsection.4.3.3}{\376\377\000D\000o\000c\000u\000m\000e\000n\000t\000a\000c\000i\000\363\000n\000\040\000d\000e\000\040\000l\000a\000s\000\040\000f\000u\000n\000c\000i\000o\000n\000e\000s\000\040\000m\000i\000e\000m\000b\000r\000o}{section.4.3}% 49
\BOOKMARK [3][-]{subsubsection.4.3.3.1}{\376\377\000a\000n\000a\000d\000i\000r\000\137\000o\000r\000g\000a\000n\000i\000s\000m\000o}{subsection.4.3.3}% 50
\BOOKMARK [3][-]{subsubsection.4.3.3.2}{\376\377\000l\000e\000e\000r}{subsection.4.3.3}% 51
\BOOKMARK [3][-]{subsubsection.4.3.3.3}{\376\377\000e\000s\000c\000r\000i\000b\000i\000r}{subsection.4.3.3}% 52
\BOOKMARK [3][-]{subsubsection.4.3.3.4}{\376\377\000l\000u\000c\000h\000a\000s\000\137\000o\000r\000g\000\137\000c\000o\000l\000a}{subsection.4.3.3}% 53
\BOOKMARK [3][-]{subsubsection.4.3.3.5}{\376\377\000c\000l\000e\000a\000r}{subsection.4.3.3}% 54
\BOOKMARK [3][-]{subsubsection.4.3.3.6}{\376\377\000r\000e\000c\000o\000l\000o\000c\000a\000r}{subsection.4.3.3}% 55
\BOOKMARK [3][-]{subsubsection.4.3.3.7}{\376\377\000e\000s\000c\000r\000i\000b\000i\000r\000\137\000s\000i\000s\000t\000e\000m\000a\000\137\000c\000o\000l\000a}{subsection.4.3.3}% 56
\BOOKMARK [2][-]{subsection.4.3.4}{\376\377\000D\000o\000c\000u\000m\000e\000n\000t\000a\000c\000i\000\363\000n\000\040\000d\000e\000\040\000l\000o\000s\000\040\000d\000a\000t\000o\000s\000\040\000m\000i\000e\000m\000b\000r\000o}{section.4.3}% 57
\BOOKMARK [3][-]{subsubsection.4.3.4.1}{\376\377\000d\000e\000f}{subsection.4.3.4}% 58
\BOOKMARK [3][-]{subsubsection.4.3.4.2}{\376\377\000m\000a\000l}{subsection.4.3.4}% 59
\BOOKMARK [3][-]{subsubsection.4.3.4.3}{\376\377\000i\000d}{subsection.4.3.4}% 60
\BOOKMARK [0][-]{chapter.5}{\376\377\000D\000o\000c\000u\000m\000e\000n\000t\000a\000c\000i\000\363\000n\000\040\000d\000e\000\040\000a\000r\000c\000h\000i\000v\000o\000s}{}% 61
\BOOKMARK [1][-]{section.5.1}{\376\377\000R\000e\000f\000e\000r\000e\000n\000c\000i\000a\000\040\000d\000e\000l\000\040\000A\000r\000c\000h\000i\000v\000o\000\040\000C\000e\000l\000u\000l\000a\000.\000c\000p\000p}{chapter.5}% 62
\BOOKMARK [2][-]{subsection.5.1.1}{\376\377\000D\000e\000s\000c\000r\000i\000p\000c\000i\000\363\000n\000\040\000d\000e\000t\000a\000l\000l\000a\000d\000a}{section.5.1}% 63
\BOOKMARK [1][-]{section.5.2}{\376\377\000R\000e\000f\000e\000r\000e\000n\000c\000i\000a\000\040\000d\000e\000l\000\040\000A\000r\000c\000h\000i\000v\000o\000\040\000C\000e\000l\000u\000l\000a\000.\000h\000p\000p}{chapter.5}% 64
\BOOKMARK [2][-]{subsection.5.2.1}{\376\377\000D\000e\000s\000c\000r\000i\000p\000c\000i\000\363\000n\000\040\000d\000e\000t\000a\000l\000l\000a\000d\000a}{section.5.2}% 65
\BOOKMARK [1][-]{section.5.3}{\376\377\000R\000e\000f\000e\000r\000e\000n\000c\000i\000a\000\040\000d\000e\000l\000\040\000A\000r\000c\000h\000i\000v\000o\000\040\000O\000r\000g\000a\000n\000i\000s\000m\000o\000.\000c\000p\000p}{chapter.5}% 66
\BOOKMARK [2][-]{subsection.5.3.1}{\376\377\000D\000e\000s\000c\000r\000i\000p\000c\000i\000\363\000n\000\040\000d\000e\000t\000a\000l\000l\000a\000d\000a}{section.5.3}% 67
\BOOKMARK [1][-]{section.5.4}{\376\377\000R\000e\000f\000e\000r\000e\000n\000c\000i\000a\000\040\000d\000e\000l\000\040\000A\000r\000c\000h\000i\000v\000o\000\040\000O\000r\000g\000a\000n\000i\000s\000m\000o\000.\000h\000p\000p}{chapter.5}% 68
\BOOKMARK [2][-]{subsection.5.4.1}{\376\377\000D\000e\000s\000c\000r\000i\000p\000c\000i\000\363\000n\000\040\000d\000e\000t\000a\000l\000l\000a\000d\000a}{section.5.4}% 69
\BOOKMARK [1][-]{section.5.5}{\376\377\000R\000e\000f\000e\000r\000e\000n\000c\000i\000a\000\040\000d\000e\000l\000\040\000A\000r\000c\000h\000i\000v\000o\000\040\000p\000r\000o\0002\000.\000c\000p\000p}{chapter.5}% 70
\BOOKMARK [2][-]{subsection.5.5.1}{\376\377\000D\000e\000s\000c\000r\000i\000p\000c\000i\000\363\000n\000\040\000d\000e\000t\000a\000l\000l\000a\000d\000a}{section.5.5}% 71
\BOOKMARK [2][-]{subsection.5.5.2}{\376\377\000D\000o\000c\000u\000m\000e\000n\000t\000a\000c\000i\000\363\000n\000\040\000d\000e\000\040\000l\000a\000s\000\040\000f\000u\000n\000c\000i\000o\000n\000e\000s}{section.5.5}% 72
\BOOKMARK [3][-]{subsubsection.5.5.2.1}{\376\377\000m\000a\000i\000n}{subsection.5.5.2}% 73
\BOOKMARK [1][-]{section.5.6}{\376\377\000R\000e\000f\000e\000r\000e\000n\000c\000i\000a\000\040\000d\000e\000l\000\040\000A\000r\000c\000h\000i\000v\000o\000\040\000S\000i\000s\000t\000e\000m\000a\000.\000c\000p\000p}{chapter.5}% 74
\BOOKMARK [2][-]{subsection.5.6.1}{\376\377\000D\000e\000s\000c\000r\000i\000p\000c\000i\000\363\000n\000\040\000d\000e\000t\000a\000l\000l\000a\000d\000a}{section.5.6}% 75
\BOOKMARK [1][-]{section.5.7}{\376\377\000R\000e\000f\000e\000r\000e\000n\000c\000i\000a\000\040\000d\000e\000l\000\040\000A\000r\000c\000h\000i\000v\000o\000\040\000S\000i\000s\000t\000e\000m\000a\000.\000h\000p\000p}{chapter.5}% 76
\BOOKMARK [2][-]{subsection.5.7.1}{\376\377\000D\000e\000s\000c\000r\000i\000p\000c\000i\000\363\000n\000\040\000d\000e\000t\000a\000l\000l\000a\000d\000a}{section.5.7}% 77
\BOOKMARK [-1][-]{subsection.5.7.1}{\376\377\000\315\000n\000d\000i\000c\000e}{}% 78
